2024-11-30 18:22:41,038 - INFO || Adicionando produto ( 1  ) |               Água               - R$ 3.00  ao catálogo.
2024-11-30 18:22:41,038 - INFO || Adicionando produto ( 2  ) |        Sorvete Flocos 1kg        - R$ 15.50 ao catálogo.
2024-11-30 18:22:41,038 - INFO || Adicionando produto ( 1  ) |               Água               - R$ 3.00  ao catálogo.
2024-11-30 18:22:41,038 - INFO || Adicionando produto ( 1  ) |               Água               - R$ 3.00  ao catálogo.
2024-11-30 18:22:41,038 - INFO || Adicionando produto ( 2  ) |              Leite               - R$ 5.30  ao catálogo.
2024-11-30 18:22:41,038 - INFO || Adicionando produto ( 3  ) |            Feijão 1kg            - R$ 9.99  ao catálogo.
2024-11-30 18:22:41,038 - INFO || Adicionando produto ( 4  ) |            Arroz 1kg             - R$ 12.67 ao catálogo.
2024-11-30 18:22:41,038 - INFO || Adicionando produto ( 5  ) |     Caixa de Chocolate Lollo     - R$ 63.43 ao catálogo.
2024-11-30 18:22:41,038 - INFO || Adicionando produto ( 6  ) |    Caixa de Chocolate Garoto     - R$ 15.30 ao catálogo.
2024-11-30 18:22:41,038 - INFO || Criação de novo pedido do cliente Teste.
2024-11-30 18:22:41,038 - INFO || Adicionando produto ( 1  ) |               Água               - R$ 3.00  ao catálogo.
2024-11-30 18:22:41,038 - INFO || Adicionando produto ( 2  ) |              Leite               - R$ 5.30  ao catálogo.
2024-11-30 18:22:41,038 - INFO || Adicionando produto ( 3  ) |            Feijão 1kg            - R$ 9.99  ao catálogo.
2024-11-30 18:22:41,038 - INFO || Adicionando produto ( 4  ) |            Arroz 1kg             - R$ 12.67 ao catálogo.
2024-11-30 18:22:41,038 - INFO || Adicionando produto ( 5  ) |     Caixa de Chocolate Lollo     - R$ 63.43 ao catálogo.
2024-11-30 18:22:41,038 - INFO || Adicionando produto ( 6  ) |    Caixa de Chocolate Garoto     - R$ 15.30 ao catálogo.
2024-11-30 18:22:41,038 - INFO || Criação de novo pedido do cliente Teste.
2024-11-30 18:22:41,039 - INFO || Desconto de R$ 10.97 dado no pedido de R$ 109.69 do cliente Teste
2024-11-30 18:22:41,039 - INFO || Adicionando produto ( 1  ) |               Água               - R$ 3.00  ao catálogo.
2024-11-30 18:22:41,039 - INFO || Adicionando produto ( 2  ) |              Leite               - R$ 5.30  ao catálogo.
2024-11-30 18:22:41,039 - INFO || Adicionando produto ( 3  ) |            Feijão 1kg            - R$ 9.99  ao catálogo.
2024-11-30 18:22:41,039 - INFO || Adicionando produto ( 4  ) |            Arroz 1kg             - R$ 12.67 ao catálogo.
2024-11-30 18:22:41,039 - INFO || Adicionando produto ( 5  ) |     Caixa de Chocolate Lollo     - R$ 63.43 ao catálogo.
2024-11-30 18:22:41,039 - INFO || Adicionando produto ( 6  ) |    Caixa de Chocolate Garoto     - R$ 15.30 ao catálogo.
2024-11-30 18:22:41,039 - INFO || Criação de novo pedido do cliente Teste.
